<?xml version="1.0" encoding="UTF-8"?>
<testng-results skipped="3" failed="0" ignored="0" total="3" passed="0">
  <reporter-output>
  </reporter-output>
  <suite name="Default suite" duration-ms="56" started-at="2021-04-16T07:19:31Z" finished-at="2021-04-16T07:19:31Z">
    <groups>
    </groups>
    <test name="Default test" duration-ms="56" started-at="2021-04-16T07:19:31Z" finished-at="2021-04-16T07:19:31Z">
      <class name="test.SuiteExample">
        <test-method status="FAIL" signature="launchBrowser()[pri:0, instance:test.SuiteExample@1b68ddbd]" name="launchBrowser" is-config="true" duration-ms="4089" started-at="2021-04-16T07:19:26Z" finished-at="2021-04-16T07:19:31Z">
          <exception class="org.openqa.selenium.SessionNotCreatedException">
            <message>
              <![CDATA[session not created: This version of ChromeDriver only supports Chrome version 87
Current browser version is 90.0.4430.72 with binary path C:\Program Files (x86)\Google\Chrome\Application\chrome.exe
Build info: version: '3.14.0', revision: 'aacccce0', time: '2018-08-02T20:13:22.693Z'
System info: host: 'DESKTOP-3KMQB6L', ip: '192.168.43.28', os.name: 'Windows 10', os.arch: 'amd64', os.version: '10.0', java.version: '1.8.0_181'
Driver info: driver.version: ChromeDriver
remote stacktrace: Backtrace:
Ordinal0 [0x00D3C0C3+3326147]
Ordinal0 [0x00C20851+2164817]
Ordinal0 [0x00AA7298+619160]
Ordinal0 [0x00A21D92+73106]
Ordinal0 [0x00A1E119+57625]
Ordinal0 [0x00A1C38A+50058]
Ordinal0 [0x00A45F3E+220990]
Ordinal0 [0x00A45CAC+220332]
Ordinal0 [0x00A4189B+202907]
Ordinal0 [0x00A23DF4+81396]
Ordinal0 [0x00A24DEE+85486]
Ordinal0 [0x00A24D79+85369]
Ordinal0 [0x00C385DC+2262492]
GetHandleVerifier [0x00EC2874+1487204]
GetHandleVerifier [0x00EC23CD+1486013]
GetHandleVerifier [0x00ECA368+1518680]
GetHandleVerifier [0x00EC2F4E+1488958]
Ordinal0 [0x00C2ED0D+2223373]
Ordinal0 [0x00C3A12B+2269483]
Ordinal0 [0x00C3A26F+2269807]
Ordinal0 [0x00C4ECB8+2354360]
BaseThreadInitThunk [0x76AEFA29+25]
RtlGetAppContainerNamedObjectPath [0x77107C7E+286]
RtlGetAppContainerNamedObjectPath [0x77107C4E+238]
]]>
            </message>
            <full-stacktrace>
              <![CDATA[org.openqa.selenium.SessionNotCreatedException: session not created: This version of ChromeDriver only supports Chrome version 87
Current browser version is 90.0.4430.72 with binary path C:\Program Files (x86)\Google\Chrome\Application\chrome.exe
Build info: version: '3.14.0', revision: 'aacccce0', time: '2018-08-02T20:13:22.693Z'
System info: host: 'DESKTOP-3KMQB6L', ip: '192.168.43.28', os.name: 'Windows 10', os.arch: 'amd64', os.version: '10.0', java.version: '1.8.0_181'
Driver info: driver.version: ChromeDriver
remote stacktrace: Backtrace:
Ordinal0 [0x00D3C0C3+3326147]
Ordinal0 [0x00C20851+2164817]
Ordinal0 [0x00AA7298+619160]
Ordinal0 [0x00A21D92+73106]
Ordinal0 [0x00A1E119+57625]
Ordinal0 [0x00A1C38A+50058]
Ordinal0 [0x00A45F3E+220990]
Ordinal0 [0x00A45CAC+220332]
Ordinal0 [0x00A4189B+202907]
Ordinal0 [0x00A23DF4+81396]
Ordinal0 [0x00A24DEE+85486]
Ordinal0 [0x00A24D79+85369]
Ordinal0 [0x00C385DC+2262492]
GetHandleVerifier [0x00EC2874+1487204]
GetHandleVerifier [0x00EC23CD+1486013]
GetHandleVerifier [0x00ECA368+1518680]
GetHandleVerifier [0x00EC2F4E+1488958]
Ordinal0 [0x00C2ED0D+2223373]
Ordinal0 [0x00C3A12B+2269483]
Ordinal0 [0x00C3A26F+2269807]
Ordinal0 [0x00C4ECB8+2354360]
BaseThreadInitThunk [0x76AEFA29+25]
RtlGetAppContainerNamedObjectPath [0x77107C7E+286]
RtlGetAppContainerNamedObjectPath [0x77107C4E+238]

at sun.reflect.NativeConstructorAccessorImpl.newInstance0(Native Method)
at sun.reflect.NativeConstructorAccessorImpl.newInstance(NativeConstructorAccessorImpl.java:62)
at sun.reflect.DelegatingConstructorAccessorImpl.newInstance(DelegatingConstructorAccessorImpl.java:45)
at java.lang.reflect.Constructor.newInstance(Constructor.java:423)
at org.openqa.selenium.remote.W3CHandshakeResponse.lambda$new$0(W3CHandshakeResponse.java:57)
at org.openqa.selenium.remote.W3CHandshakeResponse.lambda$getResponseFunction$2(W3CHandshakeResponse.java:104)
at org.openqa.selenium.remote.ProtocolHandshake.lambda$createSession$0(ProtocolHandshake.java:122)
at java.util.stream.ReferencePipeline$3$1.accept(ReferencePipeline.java:193)
at java.util.Spliterators$ArraySpliterator.tryAdvance(Spliterators.java:958)
at java.util.stream.ReferencePipeline.forEachWithCancel(ReferencePipeline.java:126)
at java.util.stream.AbstractPipeline.copyIntoWithCancel(AbstractPipeline.java:498)
at java.util.stream.AbstractPipeline.copyInto(AbstractPipeline.java:485)
at java.util.stream.AbstractPipeline.wrapAndCopyInto(AbstractPipeline.java:471)
at java.util.stream.FindOps$FindOp.evaluateSequential(FindOps.java:152)
at java.util.stream.AbstractPipeline.evaluate(AbstractPipeline.java:234)
at java.util.stream.ReferencePipeline.findFirst(ReferencePipeline.java:464)
at org.openqa.selenium.remote.ProtocolHandshake.createSession(ProtocolHandshake.java:125)
at org.openqa.selenium.remote.ProtocolHandshake.createSession(ProtocolHandshake.java:73)
at org.openqa.selenium.remote.HttpCommandExecutor.execute(HttpCommandExecutor.java:136)
at org.openqa.selenium.remote.service.DriverCommandExecutor.execute(DriverCommandExecutor.java:83)
at org.openqa.selenium.remote.RemoteWebDriver.execute(RemoteWebDriver.java:548)
at org.openqa.selenium.remote.RemoteWebDriver.startSession(RemoteWebDriver.java:212)
at org.openqa.selenium.remote.RemoteWebDriver.<init>(RemoteWebDriver.java:130)
at org.openqa.selenium.chrome.ChromeDriver.<init>(ChromeDriver.java:181)
at org.openqa.selenium.chrome.ChromeDriver.<init>(ChromeDriver.java:168)
at org.openqa.selenium.chrome.ChromeDriver.<init>(ChromeDriver.java:123)
at test.SuiteExample.launchBrowser(SuiteExample.java:20)
at sun.reflect.NativeMethodAccessorImpl.invoke0(Native Method)
at sun.reflect.NativeMethodAccessorImpl.invoke(NativeMethodAccessorImpl.java:62)
at sun.reflect.DelegatingMethodAccessorImpl.invoke(DelegatingMethodAccessorImpl.java:43)
at java.lang.reflect.Method.invoke(Method.java:498)
at org.testng.internal.MethodInvocationHelper.invokeMethod(MethodInvocationHelper.java:124)
at org.testng.internal.MethodInvocationHelper.invokeMethodConsideringTimeout(MethodInvocationHelper.java:59)
at org.testng.internal.Invoker.invokeConfigurationMethod(Invoker.java:455)
at org.testng.internal.Invoker.invokeConfigurations(Invoker.java:222)
at org.testng.internal.Invoker.invokeConfigurations(Invoker.java:142)
at org.testng.SuiteRunner.privateRun(SuiteRunner.java:401)
at org.testng.SuiteRunner.run(SuiteRunner.java:364)
at org.testng.SuiteRunnerWorker.runSuite(SuiteRunnerWorker.java:52)
at org.testng.SuiteRunnerWorker.run(SuiteRunnerWorker.java:84)
at org.testng.TestNG.runSuitesSequentially(TestNG.java:1208)
at org.testng.TestNG.runSuitesLocally(TestNG.java:1137)
at org.testng.TestNG.runSuites(TestNG.java:1049)
at org.testng.TestNG.run(TestNG.java:1017)
at org.testng.remote.AbstractRemoteTestNG.run(AbstractRemoteTestNG.java:114)
at org.testng.remote.RemoteTestNG.initAndRun(RemoteTestNG.java:251)
at org.testng.remote.RemoteTestNG.main(RemoteTestNG.java:77)
]]>
            </full-stacktrace>
          </exception> <!-- org.openqa.selenium.SessionNotCreatedException -->
          <reporter-output>
          </reporter-output>
        </test-method> <!-- launchBrowser -->
        <test-method status="SKIP" signature="openGoogle()[pri:0, instance:test.SuiteExample@1b68ddbd]" name="openGoogle" duration-ms="0" started-at="2021-04-16T07:19:31Z" finished-at="2021-04-16T07:19:31Z">
          <exception class="org.openqa.selenium.SessionNotCreatedException">
            <message>
              <![CDATA[session not created: This version of ChromeDriver only supports Chrome version 87
Current browser version is 90.0.4430.72 with binary path C:\Program Files (x86)\Google\Chrome\Application\chrome.exe
Build info: version: '3.14.0', revision: 'aacccce0', time: '2018-08-02T20:13:22.693Z'
System info: host: 'DESKTOP-3KMQB6L', ip: '192.168.43.28', os.name: 'Windows 10', os.arch: 'amd64', os.version: '10.0', java.version: '1.8.0_181'
Driver info: driver.version: ChromeDriver
remote stacktrace: Backtrace:
Ordinal0 [0x00D3C0C3+3326147]
Ordinal0 [0x00C20851+2164817]
Ordinal0 [0x00AA7298+619160]
Ordinal0 [0x00A21D92+73106]
Ordinal0 [0x00A1E119+57625]
Ordinal0 [0x00A1C38A+50058]
Ordinal0 [0x00A45F3E+220990]
Ordinal0 [0x00A45CAC+220332]
Ordinal0 [0x00A4189B+202907]
Ordinal0 [0x00A23DF4+81396]
Ordinal0 [0x00A24DEE+85486]
Ordinal0 [0x00A24D79+85369]
Ordinal0 [0x00C385DC+2262492]
GetHandleVerifier [0x00EC2874+1487204]
GetHandleVerifier [0x00EC23CD+1486013]
GetHandleVerifier [0x00ECA368+1518680]
GetHandleVerifier [0x00EC2F4E+1488958]
Ordinal0 [0x00C2ED0D+2223373]
Ordinal0 [0x00C3A12B+2269483]
Ordinal0 [0x00C3A26F+2269807]
Ordinal0 [0x00C4ECB8+2354360]
BaseThreadInitThunk [0x76AEFA29+25]
RtlGetAppContainerNamedObjectPath [0x77107C7E+286]
RtlGetAppContainerNamedObjectPath [0x77107C4E+238]
]]>
            </message>
            <full-stacktrace>
              <![CDATA[org.openqa.selenium.SessionNotCreatedException: session not created: This version of ChromeDriver only supports Chrome version 87
Current browser version is 90.0.4430.72 with binary path C:\Program Files (x86)\Google\Chrome\Application\chrome.exe
Build info: version: '3.14.0', revision: 'aacccce0', time: '2018-08-02T20:13:22.693Z'
System info: host: 'DESKTOP-3KMQB6L', ip: '192.168.43.28', os.name: 'Windows 10', os.arch: 'amd64', os.version: '10.0', java.version: '1.8.0_181'
Driver info: driver.version: ChromeDriver
remote stacktrace: Backtrace:
Ordinal0 [0x00D3C0C3+3326147]
Ordinal0 [0x00C20851+2164817]
Ordinal0 [0x00AA7298+619160]
Ordinal0 [0x00A21D92+73106]
Ordinal0 [0x00A1E119+57625]
Ordinal0 [0x00A1C38A+50058]
Ordinal0 [0x00A45F3E+220990]
Ordinal0 [0x00A45CAC+220332]
Ordinal0 [0x00A4189B+202907]
Ordinal0 [0x00A23DF4+81396]
Ordinal0 [0x00A24DEE+85486]
Ordinal0 [0x00A24D79+85369]
Ordinal0 [0x00C385DC+2262492]
GetHandleVerifier [0x00EC2874+1487204]
GetHandleVerifier [0x00EC23CD+1486013]
GetHandleVerifier [0x00ECA368+1518680]
GetHandleVerifier [0x00EC2F4E+1488958]
Ordinal0 [0x00C2ED0D+2223373]
Ordinal0 [0x00C3A12B+2269483]
Ordinal0 [0x00C3A26F+2269807]
Ordinal0 [0x00C4ECB8+2354360]
BaseThreadInitThunk [0x76AEFA29+25]
RtlGetAppContainerNamedObjectPath [0x77107C7E+286]
RtlGetAppContainerNamedObjectPath [0x77107C4E+238]

at sun.reflect.NativeConstructorAccessorImpl.newInstance0(Native Method)
at sun.reflect.NativeConstructorAccessorImpl.newInstance(NativeConstructorAccessorImpl.java:62)
at sun.reflect.DelegatingConstructorAccessorImpl.newInstance(DelegatingConstructorAccessorImpl.java:45)
at java.lang.reflect.Constructor.newInstance(Constructor.java:423)
at org.openqa.selenium.remote.W3CHandshakeResponse.lambda$new$0(W3CHandshakeResponse.java:57)
at org.openqa.selenium.remote.W3CHandshakeResponse.lambda$getResponseFunction$2(W3CHandshakeResponse.java:104)
at org.openqa.selenium.remote.ProtocolHandshake.lambda$createSession$0(ProtocolHandshake.java:122)
at java.util.stream.ReferencePipeline$3$1.accept(ReferencePipeline.java:193)
at java.util.Spliterators$ArraySpliterator.tryAdvance(Spliterators.java:958)
at java.util.stream.ReferencePipeline.forEachWithCancel(ReferencePipeline.java:126)
at java.util.stream.AbstractPipeline.copyIntoWithCancel(AbstractPipeline.java:498)
at java.util.stream.AbstractPipeline.copyInto(AbstractPipeline.java:485)
at java.util.stream.AbstractPipeline.wrapAndCopyInto(AbstractPipeline.java:471)
at java.util.stream.FindOps$FindOp.evaluateSequential(FindOps.java:152)
at java.util.stream.AbstractPipeline.evaluate(AbstractPipeline.java:234)
at java.util.stream.ReferencePipeline.findFirst(ReferencePipeline.java:464)
at org.openqa.selenium.remote.ProtocolHandshake.createSession(ProtocolHandshake.java:125)
at org.openqa.selenium.remote.ProtocolHandshake.createSession(ProtocolHandshake.java:73)
at org.openqa.selenium.remote.HttpCommandExecutor.execute(HttpCommandExecutor.java:136)
at org.openqa.selenium.remote.service.DriverCommandExecutor.execute(DriverCommandExecutor.java:83)
at org.openqa.selenium.remote.RemoteWebDriver.execute(RemoteWebDriver.java:548)
at org.openqa.selenium.remote.RemoteWebDriver.startSession(RemoteWebDriver.java:212)
at org.openqa.selenium.remote.RemoteWebDriver.<init>(RemoteWebDriver.java:130)
at org.openqa.selenium.chrome.ChromeDriver.<init>(ChromeDriver.java:181)
at org.openqa.selenium.chrome.ChromeDriver.<init>(ChromeDriver.java:168)
at org.openqa.selenium.chrome.ChromeDriver.<init>(ChromeDriver.java:123)
at test.SuiteExample.launchBrowser(SuiteExample.java:20)
at sun.reflect.NativeMethodAccessorImpl.invoke0(Native Method)
at sun.reflect.NativeMethodAccessorImpl.invoke(NativeMethodAccessorImpl.java:62)
at sun.reflect.DelegatingMethodAccessorImpl.invoke(DelegatingMethodAccessorImpl.java:43)
at java.lang.reflect.Method.invoke(Method.java:498)
at org.testng.internal.MethodInvocationHelper.invokeMethod(MethodInvocationHelper.java:124)
at org.testng.internal.MethodInvocationHelper.invokeMethodConsideringTimeout(MethodInvocationHelper.java:59)
at org.testng.internal.Invoker.invokeConfigurationMethod(Invoker.java:455)
at org.testng.internal.Invoker.invokeConfigurations(Invoker.java:222)
at org.testng.internal.Invoker.invokeConfigurations(Invoker.java:142)
at org.testng.SuiteRunner.privateRun(SuiteRunner.java:401)
at org.testng.SuiteRunner.run(SuiteRunner.java:364)
at org.testng.SuiteRunnerWorker.runSuite(SuiteRunnerWorker.java:52)
at org.testng.SuiteRunnerWorker.run(SuiteRunnerWorker.java:84)
at org.testng.TestNG.runSuitesSequentially(TestNG.java:1208)
at org.testng.TestNG.runSuitesLocally(TestNG.java:1137)
at org.testng.TestNG.runSuites(TestNG.java:1049)
at org.testng.TestNG.run(TestNG.java:1017)
at org.testng.remote.AbstractRemoteTestNG.run(AbstractRemoteTestNG.java:114)
at org.testng.remote.RemoteTestNG.initAndRun(RemoteTestNG.java:251)
at org.testng.remote.RemoteTestNG.main(RemoteTestNG.java:77)
]]>
            </full-stacktrace>
          </exception> <!-- org.openqa.selenium.SessionNotCreatedException -->
          <reporter-output>
          </reporter-output>
        </test-method> <!-- openGoogle -->
        <test-method status="SKIP" signature="openBing()[pri:1, instance:test.SuiteExample@1b68ddbd]" name="openBing" duration-ms="0" started-at="2021-04-16T07:19:31Z" finished-at="2021-04-16T07:19:31Z">
          <exception class="org.openqa.selenium.SessionNotCreatedException">
            <message>
              <![CDATA[session not created: This version of ChromeDriver only supports Chrome version 87
Current browser version is 90.0.4430.72 with binary path C:\Program Files (x86)\Google\Chrome\Application\chrome.exe
Build info: version: '3.14.0', revision: 'aacccce0', time: '2018-08-02T20:13:22.693Z'
System info: host: 'DESKTOP-3KMQB6L', ip: '192.168.43.28', os.name: 'Windows 10', os.arch: 'amd64', os.version: '10.0', java.version: '1.8.0_181'
Driver info: driver.version: ChromeDriver
remote stacktrace: Backtrace:
Ordinal0 [0x00D3C0C3+3326147]
Ordinal0 [0x00C20851+2164817]
Ordinal0 [0x00AA7298+619160]
Ordinal0 [0x00A21D92+73106]
Ordinal0 [0x00A1E119+57625]
Ordinal0 [0x00A1C38A+50058]
Ordinal0 [0x00A45F3E+220990]
Ordinal0 [0x00A45CAC+220332]
Ordinal0 [0x00A4189B+202907]
Ordinal0 [0x00A23DF4+81396]
Ordinal0 [0x00A24DEE+85486]
Ordinal0 [0x00A24D79+85369]
Ordinal0 [0x00C385DC+2262492]
GetHandleVerifier [0x00EC2874+1487204]
GetHandleVerifier [0x00EC23CD+1486013]
GetHandleVerifier [0x00ECA368+1518680]
GetHandleVerifier [0x00EC2F4E+1488958]
Ordinal0 [0x00C2ED0D+2223373]
Ordinal0 [0x00C3A12B+2269483]
Ordinal0 [0x00C3A26F+2269807]
Ordinal0 [0x00C4ECB8+2354360]
BaseThreadInitThunk [0x76AEFA29+25]
RtlGetAppContainerNamedObjectPath [0x77107C7E+286]
RtlGetAppContainerNamedObjectPath [0x77107C4E+238]
]]>
            </message>
            <full-stacktrace>
              <![CDATA[org.openqa.selenium.SessionNotCreatedException: session not created: This version of ChromeDriver only supports Chrome version 87
Current browser version is 90.0.4430.72 with binary path C:\Program Files (x86)\Google\Chrome\Application\chrome.exe
Build info: version: '3.14.0', revision: 'aacccce0', time: '2018-08-02T20:13:22.693Z'
System info: host: 'DESKTOP-3KMQB6L', ip: '192.168.43.28', os.name: 'Windows 10', os.arch: 'amd64', os.version: '10.0', java.version: '1.8.0_181'
Driver info: driver.version: ChromeDriver
remote stacktrace: Backtrace:
Ordinal0 [0x00D3C0C3+3326147]
Ordinal0 [0x00C20851+2164817]
Ordinal0 [0x00AA7298+619160]
Ordinal0 [0x00A21D92+73106]
Ordinal0 [0x00A1E119+57625]
Ordinal0 [0x00A1C38A+50058]
Ordinal0 [0x00A45F3E+220990]
Ordinal0 [0x00A45CAC+220332]
Ordinal0 [0x00A4189B+202907]
Ordinal0 [0x00A23DF4+81396]
Ordinal0 [0x00A24DEE+85486]
Ordinal0 [0x00A24D79+85369]
Ordinal0 [0x00C385DC+2262492]
GetHandleVerifier [0x00EC2874+1487204]
GetHandleVerifier [0x00EC23CD+1486013]
GetHandleVerifier [0x00ECA368+1518680]
GetHandleVerifier [0x00EC2F4E+1488958]
Ordinal0 [0x00C2ED0D+2223373]
Ordinal0 [0x00C3A12B+2269483]
Ordinal0 [0x00C3A26F+2269807]
Ordinal0 [0x00C4ECB8+2354360]
BaseThreadInitThunk [0x76AEFA29+25]
RtlGetAppContainerNamedObjectPath [0x77107C7E+286]
RtlGetAppContainerNamedObjectPath [0x77107C4E+238]

at sun.reflect.NativeConstructorAccessorImpl.newInstance0(Native Method)
at sun.reflect.NativeConstructorAccessorImpl.newInstance(NativeConstructorAccessorImpl.java:62)
at sun.reflect.DelegatingConstructorAccessorImpl.newInstance(DelegatingConstructorAccessorImpl.java:45)
at java.lang.reflect.Constructor.newInstance(Constructor.java:423)
at org.openqa.selenium.remote.W3CHandshakeResponse.lambda$new$0(W3CHandshakeResponse.java:57)
at org.openqa.selenium.remote.W3CHandshakeResponse.lambda$getResponseFunction$2(W3CHandshakeResponse.java:104)
at org.openqa.selenium.remote.ProtocolHandshake.lambda$createSession$0(ProtocolHandshake.java:122)
at java.util.stream.ReferencePipeline$3$1.accept(ReferencePipeline.java:193)
at java.util.Spliterators$ArraySpliterator.tryAdvance(Spliterators.java:958)
at java.util.stream.ReferencePipeline.forEachWithCancel(ReferencePipeline.java:126)
at java.util.stream.AbstractPipeline.copyIntoWithCancel(AbstractPipeline.java:498)
at java.util.stream.AbstractPipeline.copyInto(AbstractPipeline.java:485)
at java.util.stream.AbstractPipeline.wrapAndCopyInto(AbstractPipeline.java:471)
at java.util.stream.FindOps$FindOp.evaluateSequential(FindOps.java:152)
at java.util.stream.AbstractPipeline.evaluate(AbstractPipeline.java:234)
at java.util.stream.ReferencePipeline.findFirst(ReferencePipeline.java:464)
at org.openqa.selenium.remote.ProtocolHandshake.createSession(ProtocolHandshake.java:125)
at org.openqa.selenium.remote.ProtocolHandshake.createSession(ProtocolHandshake.java:73)
at org.openqa.selenium.remote.HttpCommandExecutor.execute(HttpCommandExecutor.java:136)
at org.openqa.selenium.remote.service.DriverCommandExecutor.execute(DriverCommandExecutor.java:83)
at org.openqa.selenium.remote.RemoteWebDriver.execute(RemoteWebDriver.java:548)
at org.openqa.selenium.remote.RemoteWebDriver.startSession(RemoteWebDriver.java:212)
at org.openqa.selenium.remote.RemoteWebDriver.<init>(RemoteWebDriver.java:130)
at org.openqa.selenium.chrome.ChromeDriver.<init>(ChromeDriver.java:181)
at org.openqa.selenium.chrome.ChromeDriver.<init>(ChromeDriver.java:168)
at org.openqa.selenium.chrome.ChromeDriver.<init>(ChromeDriver.java:123)
at test.SuiteExample.launchBrowser(SuiteExample.java:20)
at sun.reflect.NativeMethodAccessorImpl.invoke0(Native Method)
at sun.reflect.NativeMethodAccessorImpl.invoke(NativeMethodAccessorImpl.java:62)
at sun.reflect.DelegatingMethodAccessorImpl.invoke(DelegatingMethodAccessorImpl.java:43)
at java.lang.reflect.Method.invoke(Method.java:498)
at org.testng.internal.MethodInvocationHelper.invokeMethod(MethodInvocationHelper.java:124)
at org.testng.internal.MethodInvocationHelper.invokeMethodConsideringTimeout(MethodInvocationHelper.java:59)
at org.testng.internal.Invoker.invokeConfigurationMethod(Invoker.java:455)
at org.testng.internal.Invoker.invokeConfigurations(Invoker.java:222)
at org.testng.internal.Invoker.invokeConfigurations(Invoker.java:142)
at org.testng.SuiteRunner.privateRun(SuiteRunner.java:401)
at org.testng.SuiteRunner.run(SuiteRunner.java:364)
at org.testng.SuiteRunnerWorker.runSuite(SuiteRunnerWorker.java:52)
at org.testng.SuiteRunnerWorker.run(SuiteRunnerWorker.java:84)
at org.testng.TestNG.runSuitesSequentially(TestNG.java:1208)
at org.testng.TestNG.runSuitesLocally(TestNG.java:1137)
at org.testng.TestNG.runSuites(TestNG.java:1049)
at org.testng.TestNG.run(TestNG.java:1017)
at org.testng.remote.AbstractRemoteTestNG.run(AbstractRemoteTestNG.java:114)
at org.testng.remote.RemoteTestNG.initAndRun(RemoteTestNG.java:251)
at org.testng.remote.RemoteTestNG.main(RemoteTestNG.java:77)
]]>
            </full-stacktrace>
          </exception> <!-- org.openqa.selenium.SessionNotCreatedException -->
          <reporter-output>
          </reporter-output>
        </test-method> <!-- openBing -->
        <test-method status="SKIP" signature="openYahoo()[pri:2, instance:test.SuiteExample@1b68ddbd]" name="openYahoo" duration-ms="0" started-at="2021-04-16T07:19:31Z" finished-at="2021-04-16T07:19:31Z">
          <exception class="org.openqa.selenium.SessionNotCreatedException">
            <message>
              <![CDATA[session not created: This version of ChromeDriver only supports Chrome version 87
Current browser version is 90.0.4430.72 with binary path C:\Program Files (x86)\Google\Chrome\Application\chrome.exe
Build info: version: '3.14.0', revision: 'aacccce0', time: '2018-08-02T20:13:22.693Z'
System info: host: 'DESKTOP-3KMQB6L', ip: '192.168.43.28', os.name: 'Windows 10', os.arch: 'amd64', os.version: '10.0', java.version: '1.8.0_181'
Driver info: driver.version: ChromeDriver
remote stacktrace: Backtrace:
Ordinal0 [0x00D3C0C3+3326147]
Ordinal0 [0x00C20851+2164817]
Ordinal0 [0x00AA7298+619160]
Ordinal0 [0x00A21D92+73106]
Ordinal0 [0x00A1E119+57625]
Ordinal0 [0x00A1C38A+50058]
Ordinal0 [0x00A45F3E+220990]
Ordinal0 [0x00A45CAC+220332]
Ordinal0 [0x00A4189B+202907]
Ordinal0 [0x00A23DF4+81396]
Ordinal0 [0x00A24DEE+85486]
Ordinal0 [0x00A24D79+85369]
Ordinal0 [0x00C385DC+2262492]
GetHandleVerifier [0x00EC2874+1487204]
GetHandleVerifier [0x00EC23CD+1486013]
GetHandleVerifier [0x00ECA368+1518680]
GetHandleVerifier [0x00EC2F4E+1488958]
Ordinal0 [0x00C2ED0D+2223373]
Ordinal0 [0x00C3A12B+2269483]
Ordinal0 [0x00C3A26F+2269807]
Ordinal0 [0x00C4ECB8+2354360]
BaseThreadInitThunk [0x76AEFA29+25]
RtlGetAppContainerNamedObjectPath [0x77107C7E+286]
RtlGetAppContainerNamedObjectPath [0x77107C4E+238]
]]>
            </message>
            <full-stacktrace>
              <![CDATA[org.openqa.selenium.SessionNotCreatedException: session not created: This version of ChromeDriver only supports Chrome version 87
Current browser version is 90.0.4430.72 with binary path C:\Program Files (x86)\Google\Chrome\Application\chrome.exe
Build info: version: '3.14.0', revision: 'aacccce0', time: '2018-08-02T20:13:22.693Z'
System info: host: 'DESKTOP-3KMQB6L', ip: '192.168.43.28', os.name: 'Windows 10', os.arch: 'amd64', os.version: '10.0', java.version: '1.8.0_181'
Driver info: driver.version: ChromeDriver
remote stacktrace: Backtrace:
Ordinal0 [0x00D3C0C3+3326147]
Ordinal0 [0x00C20851+2164817]
Ordinal0 [0x00AA7298+619160]
Ordinal0 [0x00A21D92+73106]
Ordinal0 [0x00A1E119+57625]
Ordinal0 [0x00A1C38A+50058]
Ordinal0 [0x00A45F3E+220990]
Ordinal0 [0x00A45CAC+220332]
Ordinal0 [0x00A4189B+202907]
Ordinal0 [0x00A23DF4+81396]
Ordinal0 [0x00A24DEE+85486]
Ordinal0 [0x00A24D79+85369]
Ordinal0 [0x00C385DC+2262492]
GetHandleVerifier [0x00EC2874+1487204]
GetHandleVerifier [0x00EC23CD+1486013]
GetHandleVerifier [0x00ECA368+1518680]
GetHandleVerifier [0x00EC2F4E+1488958]
Ordinal0 [0x00C2ED0D+2223373]
Ordinal0 [0x00C3A12B+2269483]
Ordinal0 [0x00C3A26F+2269807]
Ordinal0 [0x00C4ECB8+2354360]
BaseThreadInitThunk [0x76AEFA29+25]
RtlGetAppContainerNamedObjectPath [0x77107C7E+286]
RtlGetAppContainerNamedObjectPath [0x77107C4E+238]

at sun.reflect.NativeConstructorAccessorImpl.newInstance0(Native Method)
at sun.reflect.NativeConstructorAccessorImpl.newInstance(NativeConstructorAccessorImpl.java:62)
at sun.reflect.DelegatingConstructorAccessorImpl.newInstance(DelegatingConstructorAccessorImpl.java:45)
at java.lang.reflect.Constructor.newInstance(Constructor.java:423)
at org.openqa.selenium.remote.W3CHandshakeResponse.lambda$new$0(W3CHandshakeResponse.java:57)
at org.openqa.selenium.remote.W3CHandshakeResponse.lambda$getResponseFunction$2(W3CHandshakeResponse.java:104)
at org.openqa.selenium.remote.ProtocolHandshake.lambda$createSession$0(ProtocolHandshake.java:122)
at java.util.stream.ReferencePipeline$3$1.accept(ReferencePipeline.java:193)
at java.util.Spliterators$ArraySpliterator.tryAdvance(Spliterators.java:958)
at java.util.stream.ReferencePipeline.forEachWithCancel(ReferencePipeline.java:126)
at java.util.stream.AbstractPipeline.copyIntoWithCancel(AbstractPipeline.java:498)
at java.util.stream.AbstractPipeline.copyInto(AbstractPipeline.java:485)
at java.util.stream.AbstractPipeline.wrapAndCopyInto(AbstractPipeline.java:471)
at java.util.stream.FindOps$FindOp.evaluateSequential(FindOps.java:152)
at java.util.stream.AbstractPipeline.evaluate(AbstractPipeline.java:234)
at java.util.stream.ReferencePipeline.findFirst(ReferencePipeline.java:464)
at org.openqa.selenium.remote.ProtocolHandshake.createSession(ProtocolHandshake.java:125)
at org.openqa.selenium.remote.ProtocolHandshake.createSession(ProtocolHandshake.java:73)
at org.openqa.selenium.remote.HttpCommandExecutor.execute(HttpCommandExecutor.java:136)
at org.openqa.selenium.remote.service.DriverCommandExecutor.execute(DriverCommandExecutor.java:83)
at org.openqa.selenium.remote.RemoteWebDriver.execute(RemoteWebDriver.java:548)
at org.openqa.selenium.remote.RemoteWebDriver.startSession(RemoteWebDriver.java:212)
at org.openqa.selenium.remote.RemoteWebDriver.<init>(RemoteWebDriver.java:130)
at org.openqa.selenium.chrome.ChromeDriver.<init>(ChromeDriver.java:181)
at org.openqa.selenium.chrome.ChromeDriver.<init>(ChromeDriver.java:168)
at org.openqa.selenium.chrome.ChromeDriver.<init>(ChromeDriver.java:123)
at test.SuiteExample.launchBrowser(SuiteExample.java:20)
at sun.reflect.NativeMethodAccessorImpl.invoke0(Native Method)
at sun.reflect.NativeMethodAccessorImpl.invoke(NativeMethodAccessorImpl.java:62)
at sun.reflect.DelegatingMethodAccessorImpl.invoke(DelegatingMethodAccessorImpl.java:43)
at java.lang.reflect.Method.invoke(Method.java:498)
at org.testng.internal.MethodInvocationHelper.invokeMethod(MethodInvocationHelper.java:124)
at org.testng.internal.MethodInvocationHelper.invokeMethodConsideringTimeout(MethodInvocationHelper.java:59)
at org.testng.internal.Invoker.invokeConfigurationMethod(Invoker.java:455)
at org.testng.internal.Invoker.invokeConfigurations(Invoker.java:222)
at org.testng.internal.Invoker.invokeConfigurations(Invoker.java:142)
at org.testng.SuiteRunner.privateRun(SuiteRunner.java:401)
at org.testng.SuiteRunner.run(SuiteRunner.java:364)
at org.testng.SuiteRunnerWorker.runSuite(SuiteRunnerWorker.java:52)
at org.testng.SuiteRunnerWorker.run(SuiteRunnerWorker.java:84)
at org.testng.TestNG.runSuitesSequentially(TestNG.java:1208)
at org.testng.TestNG.runSuitesLocally(TestNG.java:1137)
at org.testng.TestNG.runSuites(TestNG.java:1049)
at org.testng.TestNG.run(TestNG.java:1017)
at org.testng.remote.AbstractRemoteTestNG.run(AbstractRemoteTestNG.java:114)
at org.testng.remote.RemoteTestNG.initAndRun(RemoteTestNG.java:251)
at org.testng.remote.RemoteTestNG.main(RemoteTestNG.java:77)
]]>
            </full-stacktrace>
          </exception> <!-- org.openqa.selenium.SessionNotCreatedException -->
          <reporter-output>
          </reporter-output>
        </test-method> <!-- openYahoo -->
        <test-method status="SKIP" signature="closeBrowser()[pri:0, instance:test.SuiteExample@1b68ddbd]" name="closeBrowser" is-config="true" duration-ms="0" started-at="2021-04-16T07:19:31Z" finished-at="2021-04-16T07:19:31Z">
          <reporter-output>
          </reporter-output>
        </test-method> <!-- closeBrowser -->
      </class> <!-- test.SuiteExample -->
    </test> <!-- Default test -->
  </suite> <!-- Default suite -->
</testng-results>
